Determining if the pthread_create exist failed with the following output:
Change Dir: /home/gongyansong/CLionProjects/Pthread/cmake-build-debug/CMakeFiles/CMakeTmp

Run Build Command:"/usr/bin/make" "cmTC_8bd03/fast"
make[1]: Entering directory '/home/gongyansong/CLionProjects/Pthread/cmake-build-debug/CMakeFiles/CMakeTmp'
/usr/bin/make -f CMakeFiles/cmTC_8bd03.dir/build.make CMakeFiles/cmTC_8bd03.dir/build
make[2]: Entering directory '/home/gongyansong/CLionProjects/Pthread/cmake-build-debug/CMakeFiles/CMakeTmp'
Building C object CMakeFiles/cmTC_8bd03.dir/CheckSymbolExists.c.o
/usr/bin/cc    -o CMakeFiles/cmTC_8bd03.dir/CheckSymbolExists.c.o   -c /home/gongyansong/CLionProjects/Pthread/cmake-build-debug/CMakeFiles/CMakeTmp/CheckSymbolExists.c
Linking C executable cmTC_8bd03
/home/gongyansong/下载/intelliJIDEA/clion-2017.2.3/bin/cmake/bin/cmake -E cmake_link_script CMakeFiles/cmTC_8bd03.dir/link.txt --verbose=1
/usr/bin/cc      CMakeFiles/cmTC_8bd03.dir/CheckSymbolExists.c.o  -o cmTC_8bd03 
CMakeFiles/cmTC_8bd03.dir/CheckSymbolExists.c.o：在函数‘main’中：
CheckSymbolExists.c:(.text+0x1b)：对‘pthread_create’未定义的引用
collect2: error: ld returned 1 exit status
CMakeFiles/cmTC_8bd03.dir/build.make:97: recipe for target 'cmTC_8bd03' failed
make[2]: *** [cmTC_8bd03] Error 1
make[2]: Leaving directory '/home/gongyansong/CLionProjects/Pthread/cmake-build-debug/CMakeFiles/CMakeTmp'
Makefile:126: recipe for target 'cmTC_8bd03/fast' failed
make[1]: *** [cmTC_8bd03/fast] Error 2
make[1]: Leaving directory '/home/gongyansong/CLionProjects/Pthread/cmake-build-debug/CMakeFiles/CMakeTmp'

File /home/gongyansong/CLionProjects/Pthread/cmake-build-debug/CMakeFiles/CMakeTmp/CheckSymbolExists.c:
/* */
#include <pthread.h>

int main(int argc, char** argv)
{
  (void)argv;
#ifndef pthread_create
  return ((int*)(&pthread_create))[argc];
#else
  (void)argc;
  return 0;
#endif
}

Determining if the function pthread_create exists in the pthreads failed with the following output:
Change Dir: /home/gongyansong/CLionProjects/Pthread/cmake-build-debug/CMakeFiles/CMakeTmp

Run Build Command:"/usr/bin/make" "cmTC_6a2c3/fast"
make[1]: Entering directory '/home/gongyansong/CLionProjects/Pthread/cmake-build-debug/CMakeFiles/CMakeTmp'
/usr/bin/make -f CMakeFiles/cmTC_6a2c3.dir/build.make CMakeFiles/cmTC_6a2c3.dir/build
make[2]: Entering directory '/home/gongyansong/CLionProjects/Pthread/cmake-build-debug/CMakeFiles/CMakeTmp'
Building C object CMakeFiles/cmTC_6a2c3.dir/CheckFunctionExists.c.o
/usr/bin/cc   -DCHECK_FUNCTION_EXISTS=pthread_create   -o CMakeFiles/cmTC_6a2c3.dir/CheckFunctionExists.c.o   -c /home/gongyansong/下载/intelliJIDEA/clion-2017.2.3/bin/cmake/share/cmake-3.8/Modules/CheckFunctionExists.c
Linking C executable cmTC_6a2c3
/home/gongyansong/下载/intelliJIDEA/clion-2017.2.3/bin/cmake/bin/cmake -E cmake_link_script CMakeFiles/cmTC_6a2c3.dir/link.txt --verbose=1
/usr/bin/cc  -DCHECK_FUNCTION_EXISTS=pthread_create    CMakeFiles/cmTC_6a2c3.dir/CheckFunctionExists.c.o  -o cmTC_6a2c3 -lpthreads 
/usr/bin/ld: 找不到 -lpthreads
collect2: error: ld returned 1 exit status
CMakeFiles/cmTC_6a2c3.dir/build.make:97: recipe for target 'cmTC_6a2c3' failed
make[2]: *** [cmTC_6a2c3] Error 1
make[2]: Leaving directory '/home/gongyansong/CLionProjects/Pthread/cmake-build-debug/CMakeFiles/CMakeTmp'
Makefile:126: recipe for target 'cmTC_6a2c3/fast' failed
make[1]: *** [cmTC_6a2c3/fast] Error 2
make[1]: Leaving directory '/home/gongyansong/CLionProjects/Pthread/cmake-build-debug/CMakeFiles/CMakeTmp'


